
> jp2019@0.0.0 start /home/ubuntu/jp2019
> nodemon ./bin/www

[33m[nodemon] 1.19.3[39m
[33m[nodemon] to restart at any time, enter `rs`[39m
[33m[nodemon] watching dir(s): *.*[39m
[33m[nodemon] watching extensions: js,mjs,json[39m
[32m[nodemon] starting `node ./bin/www`[39m
[32m[nodemon] restarting due to changes...[39m
[32m[nodemon] starting `node ./bin/www`[39m
[31m[nodemon] app crashed - waiting for file changes before starting...[39m
[32m[nodemon] restarting due to changes...[39m
[32m[nodemon] starting `node ./bin/www`[39m
[31m[nodemon] app crashed - waiting for file changes before starting...[39m
[32m[nodemon] restarting due to changes...[39m
[32m[nodemon] starting `node ./bin/www`[39m
[31m[nodemon] app crashed - waiting for file changes before starting...[39m
[32m[nodemon] restarting due to changes...[39m
[32m[nodemon] starting `node ./bin/www`[39m
[31m[nodemon] app crashed - waiting for file changes before starting...[39m
[32m[nodemon] restarting due to changes...[39m
[32m[nodemon] starting `node ./bin/www`[39m
[31m[nodemon] app crashed - waiting for file changes before starting...[39m
[32m[nodemon] restarting due to changes...[39m
[32m[nodemon] starting `node ./bin/www`[39m
[32m[nodemon] restarting due to changes...[39m
[32m[nodemon] starting `node ./bin/www`[39m
[32m[nodemon] restarting due to changes...[39m
[32m[nodemon] starting `node ./bin/www`[39m
[32m[nodemon] restarting due to changes...[39m
[32m[nodemon] starting `node ./bin/www`[39m
[32m[nodemon] restarting due to changes...[39m
[32m[nodemon] starting `node ./bin/www`[39m
[32m[nodemon] restarting due to changes...[39m
[32m[nodemon] starting `node ./bin/www`[39m
